  stdafx.cpp
  CCircleEX.cpp
e:\thuctap\project_mock\mock\paintex\source\CShapeEX.h(20): warning C4091: 'extern ': ignored on left of 'MODE_SHAPEEX' when no variable is declared
e:\thuctap\project_mock\mock\paintex\source\CShapeEX.h(28): warning C4091: 'extern ': ignored on left of 'ROTATE_DEGREE' when no variable is declared
e:\thuctap\project_mock\mock\paintex\source\CShapeEX.h(37): warning C4091: 'extern ': ignored on left of 'PEN_WIDTH' when no variable is declared
e:\thuctap\project_mock\mock\paintex\source\CShapeEX.h(51): warning C4091: 'extern ': ignored on left of 'MODE_EDIT' when no variable is declared
  CGridEX.cpp
e:\thuctap\project_mock\mock\paintex\source\CShapeEX.h(20): warning C4091: 'extern ': ignored on left of 'MODE_SHAPEEX' when no variable is declared
e:\thuctap\project_mock\mock\paintex\source\CShapeEX.h(28): warning C4091: 'extern ': ignored on left of 'ROTATE_DEGREE' when no variable is declared
e:\thuctap\project_mock\mock\paintex\source\CShapeEX.h(37): warning C4091: 'extern ': ignored on left of 'PEN_WIDTH' when no variable is declared
e:\thuctap\project_mock\mock\paintex\source\CShapeEX.h(51): warning C4091: 'extern ': ignored on left of 'MODE_EDIT' when no variable is declared
  CLineEX.cpp
e:\thuctap\project_mock\mock\paintex\source\CShapeEX.h(20): warning C4091: 'extern ': ignored on left of 'MODE_SHAPEEX' when no variable is declared
e:\thuctap\project_mock\mock\paintex\source\CShapeEX.h(28): warning C4091: 'extern ': ignored on left of 'ROTATE_DEGREE' when no variable is declared
e:\thuctap\project_mock\mock\paintex\source\CShapeEX.h(37): warning C4091: 'extern ': ignored on left of 'PEN_WIDTH' when no variable is declared
e:\thuctap\project_mock\mock\paintex\source\CShapeEX.h(51): warning C4091: 'extern ': ignored on left of 'MODE_EDIT' when no variable is declared
  CRectangleEx.cpp
e:\thuctap\project_mock\mock\paintex\source\CShapeEX.h(20): warning C4091: 'extern ': ignored on left of 'MODE_SHAPEEX' when no variable is declared
e:\thuctap\project_mock\mock\paintex\source\CShapeEX.h(28): warning C4091: 'extern ': ignored on left of 'ROTATE_DEGREE' when no variable is declared
e:\thuctap\project_mock\mock\paintex\source\CShapeEX.h(37): warning C4091: 'extern ': ignored on left of 'PEN_WIDTH' when no variable is declared
e:\thuctap\project_mock\mock\paintex\source\CShapeEX.h(51): warning C4091: 'extern ': ignored on left of 'MODE_EDIT' when no variable is declared
  CRightTriangleEX.cpp
e:\thuctap\project_mock\mock\paintex\source\CShapeEX.h(20): warning C4091: 'extern ': ignored on left of 'MODE_SHAPEEX' when no variable is declared
e:\thuctap\project_mock\mock\paintex\source\CShapeEX.h(28): warning C4091: 'extern ': ignored on left of 'ROTATE_DEGREE' when no variable is declared
e:\thuctap\project_mock\mock\paintex\source\CShapeEX.h(37): warning C4091: 'extern ': ignored on left of 'PEN_WIDTH' when no variable is declared
e:\thuctap\project_mock\mock\paintex\source\CShapeEX.h(51): warning C4091: 'extern ': ignored on left of 'MODE_EDIT' when no variable is declared
  CRoundedRectEx.cpp
e:\thuctap\project_mock\mock\paintex\source\CShapeEX.h(20): warning C4091: 'extern ': ignored on left of 'MODE_SHAPEEX' when no variable is declared
e:\thuctap\project_mock\mock\paintex\source\CShapeEX.h(28): warning C4091: 'extern ': ignored on left of 'ROTATE_DEGREE' when no variable is declared
e:\thuctap\project_mock\mock\paintex\source\CShapeEX.h(37): warning C4091: 'extern ': ignored on left of 'PEN_WIDTH' when no variable is declared
e:\thuctap\project_mock\mock\paintex\source\CShapeEX.h(51): warning C4091: 'extern ': ignored on left of 'MODE_EDIT' when no variable is declared
  CRulerEX.cpp
source\CRulerEX.cpp(99): error C2664: 'BOOL TextOutW(HDC,int,int,LPCWSTR,int)': cannot convert argument 4 from 'LPCSTR' to 'LPCWSTR'
  source\CRulerEX.cpp(99): note: Types pointed to are unrelated; conversion requires reinterpret_cast, C-style cast or function-style cast
source\CRulerEX.cpp(103): error C2664: 'BOOL TextOutW(HDC,int,int,LPCWSTR,int)': cannot convert argument 4 from 'LPCSTR' to 'LPCWSTR'
  source\CRulerEX.cpp(103): note: Types pointed to are unrelated; conversion requires reinterpret_cast, C-style cast or function-style cast
source\CRulerEX.cpp(107): error C2664: 'BOOL TextOutW(HDC,int,int,LPCWSTR,int)': cannot convert argument 4 from 'LPCSTR' to 'LPCWSTR'
  source\CRulerEX.cpp(107): note: Types pointed to are unrelated; conversion requires reinterpret_cast, C-style cast or function-style cast
source\CRulerEX.cpp(111): error C2664: 'BOOL TextOutW(HDC,int,int,LPCWSTR,int)': cannot convert argument 4 from 'LPCSTR' to 'LPCWSTR'
  source\CRulerEX.cpp(111): note: Types pointed to are unrelated; conversion requires reinterpret_cast, C-style cast or function-style cast
source\CRulerEX.cpp(115): error C2664: 'BOOL TextOutW(HDC,int,int,LPCWSTR,int)': cannot convert argument 4 from 'LPCSTR' to 'LPCWSTR'
  source\CRulerEX.cpp(115): note: Types pointed to are unrelated; conversion requires reinterpret_cast, C-style cast or function-style cast
source\CRulerEX.cpp(119): error C2664: 'BOOL TextOutW(HDC,int,int,LPCWSTR,int)': cannot convert argument 4 from 'LPCSTR' to 'LPCWSTR'
  source\CRulerEX.cpp(119): note: Types pointed to are unrelated; conversion requires reinterpret_cast, C-style cast or function-style cast
source\CRulerEX.cpp(123): error C2664: 'BOOL TextOutW(HDC,int,int,LPCWSTR,int)': cannot convert argument 4 from 'LPCSTR' to 'LPCWSTR'
  source\CRulerEX.cpp(123): note: Types pointed to are unrelated; conversion requires reinterpret_cast, C-style cast or function-style cast
source\CRulerEX.cpp(127): error C2664: 'BOOL TextOutW(HDC,int,int,LPCWSTR,int)': cannot convert argument 4 from 'LPCSTR' to 'LPCWSTR'
  source\CRulerEX.cpp(127): note: Types pointed to are unrelated; conversion requires reinterpret_cast, C-style cast or function-style cast
source\CRulerEX.cpp(131): error C2664: 'BOOL TextOutW(HDC,int,int,LPCWSTR,int)': cannot convert argument 4 from 'LPCSTR' to 'LPCWSTR'
  source\CRulerEX.cpp(131): note: Types pointed to are unrelated; conversion requires reinterpret_cast, C-style cast or function-style cast
source\CRulerEX.cpp(135): error C2664: 'BOOL TextOutW(HDC,int,int,LPCWSTR,int)': cannot convert argument 4 from 'LPCSTR' to 'LPCWSTR'
  source\CRulerEX.cpp(135): note: Types pointed to are unrelated; conversion requires reinterpret_cast, C-style cast or function-style cast
source\CRulerEX.cpp(139): error C2664: 'BOOL TextOutW(HDC,int,int,LPCWSTR,int)': cannot convert argument 4 from 'LPCSTR' to 'LPCWSTR'
  source\CRulerEX.cpp(139): note: Types pointed to are unrelated; conversion requires reinterpret_cast, C-style cast or function-style cast
source\CRulerEX.cpp(143): error C2664: 'BOOL TextOutW(HDC,int,int,LPCWSTR,int)': cannot convert argument 4 from 'LPCSTR' to 'LPCWSTR'
  source\CRulerEX.cpp(143): note: Types pointed to are unrelated; conversion requires reinterpret_cast, C-style cast or function-style cast
source\CRulerEX.cpp(147): error C2664: 'BOOL TextOutW(HDC,int,int,LPCWSTR,int)': cannot convert argument 4 from 'LPCSTR' to 'LPCWSTR'
  source\CRulerEX.cpp(147): note: Types pointed to are unrelated; conversion requires reinterpret_cast, C-style cast or function-style cast
source\CRulerEX.cpp(151): error C2664: 'BOOL TextOutW(HDC,int,int,LPCWSTR,int)': cannot convert argument 4 from 'LPCSTR' to 'LPCWSTR'
  source\CRulerEX.cpp(151): note: Types pointed to are unrelated; conversion requires reinterpret_cast, C-style cast or function-style cast
source\CRulerEX.cpp(155): error C2664: 'BOOL TextOutW(HDC,int,int,LPCWSTR,int)': cannot convert argument 4 from 'LPCSTR' to 'LPCWSTR'
  source\CRulerEX.cpp(155): note: Types pointed to are unrelated; conversion requires reinterpret_cast, C-style cast or function-style cast
source\CRulerEX.cpp(158): error C2664: 'BOOL TextOutW(HDC,int,int,LPCWSTR,int)': cannot convert argument 4 from 'LPCSTR' to 'LPCWSTR'
  source\CRulerEX.cpp(158): note: Types pointed to are unrelated; conversion requires reinterpret_cast, C-style cast or function-style cast
source\CRulerEX.cpp(161): error C2664: 'BOOL TextOutW(HDC,int,int,LPCWSTR,int)': cannot convert argument 4 from 'LPCSTR' to 'LPCWSTR'
  source\CRulerEX.cpp(161): note: Types pointed to are unrelated; conversion requires reinterpret_cast, C-style cast or function-style cast
source\CRulerEX.cpp(164): error C2664: 'BOOL TextOutW(HDC,int,int,LPCWSTR,int)': cannot convert argument 4 from 'LPCSTR' to 'LPCWSTR'
  source\CRulerEX.cpp(164): note: Types pointed to are unrelated; conversion requires reinterpret_cast, C-style cast or function-style cast
source\CRulerEX.cpp(168): error C2664: 'BOOL TextOutW(HDC,int,int,LPCWSTR,int)': cannot convert argument 4 from 'LPCSTR' to 'LPCWSTR'
  source\CRulerEX.cpp(168): note: Types pointed to are unrelated; conversion requires reinterpret_cast, C-style cast or function-style cast
source\CRulerEX.cpp(172): error C2664: 'BOOL TextOutW(HDC,int,int,LPCWSTR,int)': cannot convert argument 4 from 'LPCSTR' to 'LPCWSTR'
  source\CRulerEX.cpp(172): note: Types pointed to are unrelated; conversion requires reinterpret_cast, C-style cast or function-style cast
source\CRulerEX.cpp(188): error C2664: 'BOOL TextOutW(HDC,int,int,LPCWSTR,int)': cannot convert argument 4 from 'LPCSTR' to 'LPCWSTR'
  source\CRulerEX.cpp(188): note: Types pointed to are unrelated; conversion requires reinterpret_cast, C-style cast or function-style cast
source\CRulerEX.cpp(192): error C2664: 'BOOL TextOutW(HDC,int,int,LPCWSTR,int)': cannot convert argument 4 from 'LPCSTR' to 'LPCWSTR'
  source\CRulerEX.cpp(192): note: Types pointed to are unrelated; conversion requires reinterpret_cast, C-style cast or function-style cast
source\CRulerEX.cpp(196): error C2664: 'BOOL TextOutW(HDC,int,int,LPCWSTR,int)': cannot convert argument 4 from 'LPCSTR' to 'LPCWSTR'
  source\CRulerEX.cpp(196): note: Types pointed to are unrelated; conversion requires reinterpret_cast, C-style cast or function-style cast
source\CRulerEX.cpp(200): error C2664: 'BOOL TextOutW(HDC,int,int,LPCWSTR,int)': cannot convert argument 4 from 'LPCSTR' to 'LPCWSTR'
  source\CRulerEX.cpp(200): note: Types pointed to are unrelated; conversion requires reinterpret_cast, C-style cast or function-style cast
source\CRulerEX.cpp(204): error C2664: 'BOOL TextOutW(HDC,int,int,LPCWSTR,int)': cannot convert argument 4 from 'LPCSTR' to 'LPCWSTR'
  source\CRulerEX.cpp(204): note: Types pointed to are unrelated; conversion requires reinterpret_cast, C-style cast or function-style cast
source\CRulerEX.cpp(208): error C2664: 'BOOL TextOutW(HDC,int,int,LPCWSTR,int)': cannot convert argument 4 from 'LPCSTR' to 'LPCWSTR'
  source\CRulerEX.cpp(208): note: Types pointed to are unrelated; conversion requires reinterpret_cast, C-style cast or function-style cast
source\CRulerEX.cpp(212): error C2664: 'BOOL TextOutW(HDC,int,int,LPCWSTR,int)': cannot convert argument 4 from 'LPCSTR' to 'LPCWSTR'
  source\CRulerEX.cpp(212): note: Types pointed to are unrelated; conversion requires reinterpret_cast, C-style cast or function-style cast
source\CRulerEX.cpp(216): error C2664: 'BOOL TextOutW(HDC,int,int,LPCWSTR,int)': cannot convert argument 4 from 'LPCSTR' to 'LPCWSTR'
  source\CRulerEX.cpp(216): note: Types pointed to are unrelated; conversion requires reinterpret_cast, C-style cast or function-style cast
source\CRulerEX.cpp(220): error C2664: 'BOOL TextOutW(HDC,int,int,LPCWSTR,int)': cannot convert argument 4 from 'LPCSTR' to 'LPCWSTR'
  source\CRulerEX.cpp(220): note: Types pointed to are unrelated; conversion requires reinterpret_cast, C-style cast or function-style cast
source\CRulerEX.cpp(224): error C2664: 'BOOL TextOutW(HDC,int,int,LPCWSTR,int)': cannot convert argument 4 from 'LPCSTR' to 'LPCWSTR'
  source\CRulerEX.cpp(224): note: Types pointed to are unrelated; conversion requires reinterpret_cast, C-style cast or function-style cast
source\CRulerEX.cpp(228): error C2664: 'BOOL TextOutW(HDC,int,int,LPCWSTR,int)': cannot convert argument 4 from 'LPCSTR' to 'LPCWSTR'
  source\CRulerEX.cpp(228): note: Types pointed to are unrelated; conversion requires reinterpret_cast, C-style cast or function-style cast
source\CRulerEX.cpp(232): error C2664: 'BOOL TextOutW(HDC,int,int,LPCWSTR,int)': cannot convert argument 4 from 'LPCSTR' to 'LPCWSTR'
  source\CRulerEX.cpp(232): note: Types pointed to are unrelated; conversion requires reinterpret_cast, C-style cast or function-style cast
source\CRulerEX.cpp(236): error C2664: 'BOOL TextOutW(HDC,int,int,LPCWSTR,int)': cannot convert argument 4 from 'LPCSTR' to 'LPCWSTR'
  source\CRulerEX.cpp(236): note: Types pointed to are unrelated; conversion requires reinterpret_cast, C-style cast or function-style cast
source\CRulerEX.cpp(240): error C2664: 'BOOL TextOutW(HDC,int,int,LPCWSTR,int)': cannot convert argument 4 from 'LPCSTR' to 'LPCWSTR'
  source\CRulerEX.cpp(240): note: Types pointed to are unrelated; conversion requires reinterpret_cast, C-style cast or function-style cast
source\CRulerEX.cpp(244): error C2664: 'BOOL TextOutW(HDC,int,int,LPCWSTR,int)': cannot convert argument 4 from 'LPCSTR' to 'LPCWSTR'
  source\CRulerEX.cpp(244): note: Types pointed to are unrelated; conversion requires reinterpret_cast, C-style cast or function-style cast
source\CRulerEX.cpp(247): error C2664: 'BOOL TextOutW(HDC,int,int,LPCWSTR,int)': cannot convert argument 4 from 'LPCSTR' to 'LPCWSTR'
  source\CRulerEX.cpp(247): note: Types pointed to are unrelated; conversion requires reinterpret_cast, C-style cast or function-style cast
source\CRulerEX.cpp(250): error C2664: 'BOOL TextOutW(HDC,int,int,LPCWSTR,int)': cannot convert argument 4 from 'LPCSTR' to 'LPCWSTR'
  source\CRulerEX.cpp(250): note: Types pointed to are unrelated; conversion requires reinterpret_cast, C-style cast or function-style cast
source\CRulerEX.cpp(253): error C2664: 'BOOL TextOutW(HDC,int,int,LPCWSTR,int)': cannot convert argument 4 from 'LPCSTR' to 'LPCWSTR'
  source\CRulerEX.cpp(253): note: Types pointed to are unrelated; conversion requires reinterpret_cast, C-style cast or function-style cast
source\CRulerEX.cpp(257): error C2664: 'BOOL TextOutW(HDC,int,int,LPCWSTR,int)': cannot convert argument 4 from 'LPCSTR' to 'LPCWSTR'
  source\CRulerEX.cpp(257): note: Types pointed to are unrelated; conversion requires reinterpret_cast, C-style cast or function-style cast
source\CRulerEX.cpp(261): error C2664: 'BOOL TextOutW(HDC,int,int,LPCWSTR,int)': cannot convert argument 4 from 'LPCSTR' to 'LPCWSTR'
  source\CRulerEX.cpp(261): note: Types pointed to are unrelated; conversion requires reinterpret_cast, C-style cast or function-style cast
source\CRulerEX.cpp(265): error C2664: 'BOOL TextOutW(HDC,int,int,LPCWSTR,int)': cannot convert argument 4 from 'LPCSTR' to 'LPCWSTR'
  source\CRulerEX.cpp(265): note: Types pointed to are unrelated; conversion requires reinterpret_cast, C-style cast or function-style cast
source\CRulerEX.cpp(298): error C2664: 'BOOL TextOutW(HDC,int,int,LPCWSTR,int)': cannot convert argument 4 from 'LPCSTR' to 'LPCWSTR'
  source\CRulerEX.cpp(298): note: Types pointed to are unrelated; conversion requires reinterpret_cast, C-style cast or function-style cast
source\CRulerEX.cpp(302): error C2664: 'BOOL TextOutW(HDC,int,int,LPCWSTR,int)': cannot convert argument 4 from 'LPCSTR' to 'LPCWSTR'
  source\CRulerEX.cpp(302): note: Types pointed to are unrelated; conversion requires reinterpret_cast, C-style cast or function-style cast
source\CRulerEX.cpp(306): error C2664: 'BOOL TextOutW(HDC,int,int,LPCWSTR,int)': cannot convert argument 4 from 'LPCSTR' to 'LPCWSTR'
  source\CRulerEX.cpp(306): note: Types pointed to are unrelated; conversion requires reinterpret_cast, C-style cast or function-style cast
source\CRulerEX.cpp(310): error C2664: 'BOOL TextOutW(HDC,int,int,LPCWSTR,int)': cannot convert argument 4 from 'LPCSTR' to 'LPCWSTR'
  source\CRulerEX.cpp(310): note: Types pointed to are unrelated; conversion requires reinterpret_cast, C-style cast or function-style cast
source\CRulerEX.cpp(314): error C2664: 'BOOL TextOutW(HDC,int,int,LPCWSTR,int)': cannot convert argument 4 from 'LPCSTR' to 'LPCWSTR'
  source\CRulerEX.cpp(314): note: Types pointed to are unrelated; conversion requires reinterpret_cast, C-style cast or function-style cast
source\CRulerEX.cpp(318): error C2664: 'BOOL TextOutW(HDC,int,int,LPCWSTR,int)': cannot convert argument 4 from 'LPCSTR' to 'LPCWSTR'
  source\CRulerEX.cpp(318): note: Types pointed to are unrelated; conversion requires reinterpret_cast, C-style cast or function-style cast
source\CRulerEX.cpp(322): error C2664: 'BOOL TextOutW(HDC,int,int,LPCWSTR,int)': cannot convert argument 4 from 'LPCSTR' to 'LPCWSTR'
  source\CRulerEX.cpp(322): note: Types pointed to are unrelated; conversion requires reinterpret_cast, C-style cast or function-style cast
source\CRulerEX.cpp(326): error C2664: 'BOOL TextOutW(HDC,int,int,LPCWSTR,int)': cannot convert argument 4 from 'LPCSTR' to 'LPCWSTR'
  source\CRulerEX.cpp(326): note: Types pointed to are unrelated; conversion requires reinterpret_cast, C-style cast or function-style cast
source\CRulerEX.cpp(330): error C2664: 'BOOL TextOutW(HDC,int,int,LPCWSTR,int)': cannot convert argument 4 from 'LPCSTR' to 'LPCWSTR'
  source\CRulerEX.cpp(330): note: Types pointed to are unrelated; conversion requires reinterpret_cast, C-style cast or function-style cast
source\CRulerEX.cpp(334): error C2664: 'BOOL TextOutW(HDC,int,int,LPCWSTR,int)': cannot convert argument 4 from 'LPCSTR' to 'LPCWSTR'
  source\CRulerEX.cpp(334): note: Types pointed to are unrelated; conversion requires reinterpret_cast, C-style cast or function-style cast
source\CRulerEX.cpp(338): error C2664: 'BOOL TextOutW(HDC,int,int,LPCWSTR,int)': cannot convert argument 4 from 'LPCSTR' to 'LPCWSTR'
  source\CRulerEX.cpp(338): note: Types pointed to are unrelated; conversion requires reinterpret_cast, C-style cast or function-style cast
source\CRulerEX.cpp(342): error C2664: 'BOOL TextOutW(HDC,int,int,LPCWSTR,int)': cannot convert argument 4 from 'LPCSTR' to 'LPCWSTR'
  source\CRulerEX.cpp(342): note: Types pointed to are unrelated; conversion requires reinterpret_cast, C-style cast or function-style cast
source\CRulerEX.cpp(346): error C2664: 'BOOL TextOutW(HDC,int,int,LPCWSTR,int)': cannot convert argument 4 from 'LPCSTR' to 'LPCWSTR'
  source\CRulerEX.cpp(346): note: Types pointed to are unrelated; conversion requires reinterpret_cast, C-style cast or function-style cast
source\CRulerEX.cpp(350): error C2664: 'BOOL TextOutW(HDC,int,int,LPCWSTR,int)': cannot convert argument 4 from 'LPCSTR' to 'LPCWSTR'
  source\CRulerEX.cpp(350): note: Types pointed to are unrelated; conversion requires reinterpret_cast, C-style cast or function-style cast
source\CRulerEX.cpp(354): error C2664: 'BOOL TextOutW(HDC,int,int,LPCWSTR,int)': cannot convert argument 4 from 'LPCSTR' to 'LPCWSTR'
  source\CRulerEX.cpp(354): note: Types pointed to are unrelated; conversion requires reinterpret_cast, C-style cast or function-style cast
source\CRulerEX.cpp(357): error C2664: 'BOOL TextOutW(HDC,int,int,LPCWSTR,int)': cannot convert argument 4 from 'LPCSTR' to 'LPCWSTR'
  source\CRulerEX.cpp(357): note: Types pointed to are unrelated; conversion requires reinterpret_cast, C-style cast or function-style cast
source\CRulerEX.cpp(360): error C2664: 'BOOL TextOutW(HDC,int,int,LPCWSTR,int)': cannot convert argument 4 from 'LPCSTR' to 'LPCWSTR'
  source\CRulerEX.cpp(360): note: Types pointed to are unrelated; conversion requires reinterpret_cast, C-style cast or function-style cast
source\CRulerEX.cpp(363): error C2664: 'BOOL TextOutW(HDC,int,int,LPCWSTR,int)': cannot convert argument 4 from 'LPCSTR' to 'LPCWSTR'
  source\CRulerEX.cpp(363): note: Types pointed to are unrelated; conversion requires reinterpret_cast, C-style cast or function-style cast
source\CRulerEX.cpp(367): error C2664: 'BOOL TextOutW(HDC,int,int,LPCWSTR,int)': cannot convert argument 4 from 'LPCSTR' to 'LPCWSTR'
  source\CRulerEX.cpp(367): note: Types pointed to are unrelated; conversion requires reinterpret_cast, C-style cast or function-style cast
source\CRulerEX.cpp(371): error C2664: 'BOOL TextOutW(HDC,int,int,LPCWSTR,int)': cannot convert argument 4 from 'LPCSTR' to 'LPCWSTR'
  source\CRulerEX.cpp(371): note: Types pointed to are unrelated; conversion requires reinterpret_cast, C-style cast or function-style cast
source\CRulerEX.cpp(386): error C2664: 'BOOL TextOutW(HDC,int,int,LPCWSTR,int)': cannot convert argument 4 from 'LPCSTR' to 'LPCWSTR'
  source\CRulerEX.cpp(386): note: Types pointed to are unrelated; conversion requires reinterpret_cast, C-style cast or function-style cast
source\CRulerEX.cpp(390): error C2664: 'BOOL TextOutW(HDC,int,int,LPCWSTR,int)': cannot convert argument 4 from 'LPCSTR' to 'LPCWSTR'
  source\CRulerEX.cpp(390): note: Types pointed to are unrelated; conversion requires reinterpret_cast, C-style cast or function-style cast
source\CRulerEX.cpp(394): error C2664: 'BOOL TextOutW(HDC,int,int,LPCWSTR,int)': cannot convert argument 4 from 'LPCSTR' to 'LPCWSTR'
  source\CRulerEX.cpp(394): note: Types pointed to are unrelated; conversion requires reinterpret_cast, C-style cast or function-style cast
source\CRulerEX.cpp(398): error C2664: 'BOOL TextOutW(HDC,int,int,LPCWSTR,int)': cannot convert argument 4 from 'LPCSTR' to 'LPCWSTR'
  source\CRulerEX.cpp(398): note: Types pointed to are unrelated; conversion requires reinterpret_cast, C-style cast or function-style cast
source\CRulerEX.cpp(402): error C2664: 'BOOL TextOutW(HDC,int,int,LPCWSTR,int)': cannot convert argument 4 from 'LPCSTR' to 'LPCWSTR'
  source\CRulerEX.cpp(402): note: Types pointed to are unrelated; conversion requires reinterpret_cast, C-style cast or function-style cast
source\CRulerEX.cpp(406): error C2664: 'BOOL TextOutW(HDC,int,int,LPCWSTR,int)': cannot convert argument 4 from 'LPCSTR' to 'LPCWSTR'
  source\CRulerEX.cpp(406): note: Types pointed to are unrelated; conversion requires reinterpret_cast, C-style cast or function-style cast
source\CRulerEX.cpp(410): error C2664: 'BOOL TextOutW(HDC,int,int,LPCWSTR,int)': cannot convert argument 4 from 'LPCSTR' to 'LPCWSTR'
  source\CRulerEX.cpp(410): note: Types pointed to are unrelated; conversion requires reinterpret_cast, C-style cast or function-style cast
source\CRulerEX.cpp(414): error C2664: 'BOOL TextOutW(HDC,int,int,LPCWSTR,int)': cannot convert argument 4 from 'LPCSTR' to 'LPCWSTR'
  source\CRulerEX.cpp(414): note: Types pointed to are unrelated; conversion requires reinterpret_cast, C-style cast or function-style cast
source\CRulerEX.cpp(418): error C2664: 'BOOL TextOutW(HDC,int,int,LPCWSTR,int)': cannot convert argument 4 from 'LPCSTR' to 'LPCWSTR'
  source\CRulerEX.cpp(418): note: Types pointed to are unrelated; conversion requires reinterpret_cast, C-style cast or function-style cast
source\CRulerEX.cpp(422): error C2664: 'BOOL TextOutW(HDC,int,int,LPCWSTR,int)': cannot convert argument 4 from 'LPCSTR' to 'LPCWSTR'
  source\CRulerEX.cpp(422): note: Types pointed to are unrelated; conversion requires reinterpret_cast, C-style cast or function-style cast
source\CRulerEX.cpp(426): error C2664: 'BOOL TextOutW(HDC,int,int,LPCWSTR,int)': cannot convert argument 4 from 'LPCSTR' to 'LPCWSTR'
  source\CRulerEX.cpp(426): note: Types pointed to are unrelated; conversion requires reinterpret_cast, C-style cast or function-style cast
source\CRulerEX.cpp(430): error C2664: 'BOOL TextOutW(HDC,int,int,LPCWSTR,int)': cannot convert argument 4 from 'LPCSTR' to 'LPCWSTR'
  source\CRulerEX.cpp(430): note: Types pointed to are unrelated; conversion requires reinterpret_cast, C-style cast or function-style cast
source\CRulerEX.cpp(434): error C2664: 'BOOL TextOutW(HDC,int,int,LPCWSTR,int)': cannot convert argument 4 from 'LPCSTR' to 'LPCWSTR'
  source\CRulerEX.cpp(434): note: Types pointed to are unrelated; conversion requires reinterpret_cast, C-style cast or function-style cast
source\CRulerEX.cpp(438): error C2664: 'BOOL TextOutW(HDC,int,int,LPCWSTR,int)': cannot convert argument 4 from 'LPCSTR' to 'LPCWSTR'
  source\CRulerEX.cpp(438): note: Types pointed to are unrelated; conversion requires reinterpret_cast, C-style cast or function-style cast
source\CRulerEX.cpp(442): error C2664: 'BOOL TextOutW(HDC,int,int,LPCWSTR,int)': cannot convert argument 4 from 'LPCSTR' to 'LPCWSTR'
  source\CRulerEX.cpp(442): note: Types pointed to are unrelated; conversion requires reinterpret_cast, C-style cast or function-style cast
source\CRulerEX.cpp(445): error C2664: 'BOOL TextOutW(HDC,int,int,LPCWSTR,int)': cannot convert argument 4 from 'LPCSTR' to 'LPCWSTR'
  source\CRulerEX.cpp(445): note: Types pointed to are unrelated; conversion requires reinterpret_cast, C-style cast or function-style cast
source\CRulerEX.cpp(448): error C2664: 'BOOL TextOutW(HDC,int,int,LPCWSTR,int)': cannot convert argument 4 from 'LPCSTR' to 'LPCWSTR'
  source\CRulerEX.cpp(448): note: Types pointed to are unrelated; conversion requires reinterpret_cast, C-style cast or function-style cast
source\CRulerEX.cpp(451): error C2664: 'BOOL TextOutW(HDC,int,int,LPCWSTR,int)': cannot convert argument 4 from 'LPCSTR' to 'LPCWSTR'
  source\CRulerEX.cpp(451): note: Types pointed to are unrelated; conversion requires reinterpret_cast, C-style cast or function-style cast
source\CRulerEX.cpp(455): error C2664: 'BOOL TextOutW(HDC,int,int,LPCWSTR,int)': cannot convert argument 4 from 'LPCSTR' to 'LPCWSTR'
  source\CRulerEX.cpp(455): note: Types pointed to are unrelated; conversion requires reinterpret_cast, C-style cast or function-style cast
source\CRulerEX.cpp(459): error C2664: 'BOOL TextOutW(HDC,int,int,LPCWSTR,int)': cannot convert argument 4 from 'LPCSTR' to 'LPCWSTR'
  source\CRulerEX.cpp(459): note: Types pointed to are unrelated; conversion requires reinterpret_cast, C-style cast or function-style cast
source\CRulerEX.cpp(463): error C2664: 'BOOL TextOutW(HDC,int,int,LPCWSTR,int)': cannot convert argument 4 from 'LPCSTR' to 'LPCWSTR'
  source\CRulerEX.cpp(463): note: Types pointed to are unrelated; conversion requires reinterpret_cast, C-style cast or function-style cast
  CSelectEx.cpp
e:\thuctap\project_mock\mock\paintex\source\CShapeEX.h(20): warning C4091: 'extern ': ignored on left of 'MODE_SHAPEEX' when no variable is declared
e:\thuctap\project_mock\mock\paintex\source\CShapeEX.h(28): warning C4091: 'extern ': ignored on left of 'ROTATE_DEGREE' when no variable is declared
e:\thuctap\project_mock\mock\paintex\source\CShapeEX.h(37): warning C4091: 'extern ': ignored on left of 'PEN_WIDTH' when no variable is declared
e:\thuctap\project_mock\mock\paintex\source\CShapeEX.h(51): warning C4091: 'extern ': ignored on left of 'MODE_EDIT' when no variable is declared
  CShapeEX.cpp
e:\thuctap\project_mock\mock\paintex\source\CShapeEX.h(20): warning C4091: 'extern ': ignored on left of 'MODE_SHAPEEX' when no variable is declared
e:\thuctap\project_mock\mock\paintex\source\CShapeEX.h(28): warning C4091: 'extern ': ignored on left of 'ROTATE_DEGREE' when no variable is declared
e:\thuctap\project_mock\mock\paintex\source\CShapeEX.h(37): warning C4091: 'extern ': ignored on left of 'PEN_WIDTH' when no variable is declared
e:\thuctap\project_mock\mock\paintex\source\CShapeEX.h(51): warning C4091: 'extern ': ignored on left of 'MODE_EDIT' when no variable is declared
  CShapeListEX.cpp
e:\thuctap\project_mock\mock\paintex\source\CShapeEX.h(20): warning C4091: 'extern ': ignored on left of 'MODE_SHAPEEX' when no variable is declared
e:\thuctap\project_mock\mock\paintex\source\CShapeEX.h(28): warning C4091: 'extern ': ignored on left of 'ROTATE_DEGREE' when no variable is declared
e:\thuctap\project_mock\mock\paintex\source\CShapeEX.h(37): warning C4091: 'extern ': ignored on left of 'PEN_WIDTH' when no variable is declared
e:\thuctap\project_mock\mock\paintex\source\CShapeEX.h(51): warning C4091: 'extern ': ignored on left of 'MODE_EDIT' when no variable is declared
  CTextEx.cpp
e:\thuctap\project_mock\mock\paintex\source\CShapeEX.h(20): warning C4091: 'extern ': ignored on left of 'MODE_SHAPEEX' when no variable is declared
e:\thuctap\project_mock\mock\paintex\source\CShapeEX.h(28): warning C4091: 'extern ': ignored on left of 'ROTATE_DEGREE' when no variable is declared
e:\thuctap\project_mock\mock\paintex\source\CShapeEX.h(37): warning C4091: 'extern ': ignored on left of 'PEN_WIDTH' when no variable is declared
e:\thuctap\project_mock\mock\paintex\source\CShapeEX.h(51): warning C4091: 'extern ': ignored on left of 'MODE_EDIT' when no variable is declared
source\CTextEx.cpp(33): warning C4302: '<function-style-cast>': truncation from 'const char *' to 'TCHAR'
source\CTextEx.cpp(42): warning C4244: 'argument': conversion from 'TCHAR' to 'char', possible loss of data
  CtriangleEx.cpp
e:\thuctap\project_mock\mock\paintex\source\CShapeEX.h(20): warning C4091: 'extern ': ignored on left of 'MODE_SHAPEEX' when no variable is declared
e:\thuctap\project_mock\mock\paintex\source\CShapeEX.h(28): warning C4091: 'extern ': ignored on left of 'ROTATE_DEGREE' when no variable is declared
e:\thuctap\project_mock\mock\paintex\source\CShapeEX.h(37): warning C4091: 'extern ': ignored on left of 'PEN_WIDTH' when no variable is declared
e:\thuctap\project_mock\mock\paintex\source\CShapeEX.h(51): warning C4091: 'extern ': ignored on left of 'MODE_EDIT' when no variable is declared
  PaintEX.cpp
e:\thuctap\project_mock\mock\paintex\source\CShapeEX.h(20): warning C4091: 'extern ': ignored on left of 'MODE_SHAPEEX' when no variable is declared
e:\thuctap\project_mock\mock\paintex\source\CShapeEX.h(28): warning C4091: 'extern ': ignored on left of 'ROTATE_DEGREE' when no variable is declared
e:\thuctap\project_mock\mock\paintex\source\CShapeEX.h(37): warning C4091: 'extern ': ignored on left of 'PEN_WIDTH' when no variable is declared
e:\thuctap\project_mock\mock\paintex\source\CShapeEX.h(51): warning C4091: 'extern ': ignored on left of 'MODE_EDIT' when no variable is declared
e:\thuctap\project_mock\mock\paintex\source\CRulerEX.h(11): warning C4005: 'TICKERLEVEL2': macro redefinition
  e:\thuctap\project_mock\mock\paintex\source\CShapeEX.h(3): note: see previous definition of 'TICKERLEVEL2'
source\PaintEX.cpp(197): error C2664: 'HWND CreateWindowExW(DWORD,LPCWSTR,LPCWSTR,DWORD,int,int,int,int,HWND,HMENU,HINSTANCE,LPVOID)': cannot convert argument 3 from 'const char [25]' to 'LPCWSTR'
  source\PaintEX.cpp(197): note: Types pointed to are unrelated; conversion requires reinterpret_cast, C-style cast or function-style cast
source\PaintEX.cpp(691): error C2664: 'int wsprintfW(LPWSTR,LPCWSTR,...)': cannot convert argument 2 from 'const char [6]' to 'LPCWSTR'
  source\PaintEX.cpp(691): note: Types pointed to are unrelated; conversion requires reinterpret_cast, C-style cast or function-style cast
source\PaintEX.cpp(774): error C2660: 'sprintf_s': function does not take 2 arguments
source\PaintEX.cpp(1083): error C2440: 'initializing': cannot convert from 'const char [1]' to 'TCHAR [260]'
  source\PaintEX.cpp(1083): note: The type of the string literal is not compatible with the type of the array
source\PaintEX.cpp(1090): error C2440: '=': cannot convert from 'const char [23]' to 'LPCWSTR'
  source\PaintEX.cpp(1090): note: Types pointed to are unrelated; conversion requires reinterpret_cast, C-style cast or function-style cast
source\PaintEX.cpp(1094): error C2440: '=': cannot convert from 'const char [4]' to 'LPCWSTR'
  source\PaintEX.cpp(1094): note: Types pointed to are unrelated; conversion requires reinterpret_cast, C-style cast or function-style cast
source\PaintEX.cpp(1099): error C2664: 'bool CShapeListEX::LoadToFile(std::ifstream &,char *)': cannot convert argument 2 from 'TCHAR [260]' to 'char *'
  source\PaintEX.cpp(1099): note: Types pointed to are unrelated; conversion requires reinterpret_cast, C-style cast or function-style cast
source\PaintEX.cpp(1112): error C2440: 'initializing': cannot convert from 'const char [9]' to 'TCHAR [260]'
  source\PaintEX.cpp(1112): note: The type of the string literal is not compatible with the type of the array
source\PaintEX.cpp(1114): error C2664: 'int strcmp(const char *,const char *)': cannot convert argument 1 from 'TCHAR [260]' to 'const char *'
  source\PaintEX.cpp(1114): note: Types pointed to are unrelated; conversion requires reinterpret_cast, C-style cast or function-style cast
source\PaintEX.cpp(1120): error C2440: '=': cannot convert from 'const char [29]' to 'LPCWSTR'
  source\PaintEX.cpp(1120): note: Types pointed to are unrelated; conversion requires reinterpret_cast, C-style cast or function-style cast
source\PaintEX.cpp(1123): error C2440: '=': cannot convert from 'const char [4]' to 'LPCWSTR'
  source\PaintEX.cpp(1123): note: Types pointed to are unrelated; conversion requires reinterpret_cast, C-style cast or function-style cast
source\PaintEX.cpp(1129): error C2664: 'bool CShapeListEX::SaveToFile(std::ofstream &,char *)': cannot convert argument 2 from 'TCHAR [260]' to 'char *'
  source\PaintEX.cpp(1129): note: Types pointed to are unrelated; conversion requires reinterpret_cast, C-style cast or function-style cast
source\PaintEX.cpp(1718): error C2664: 'int wsprintfW(LPWSTR,LPCWSTR,...)': cannot convert argument 2 from 'const char [13]' to 'LPCWSTR'
  source\PaintEX.cpp(1718): note: Types pointed to are unrelated; conversion requires reinterpret_cast, C-style cast or function-style cast
source\PaintEX.cpp(1751): error C2664: 'int wsprintfW(LPWSTR,LPCWSTR,...)': cannot convert argument 2 from 'const char [13]' to 'LPCWSTR'
  source\PaintEX.cpp(1751): note: Types pointed to are unrelated; conversion requires reinterpret_cast, C-style cast or function-style cast
